[08-Oct-2018 22:14:30 UTC] PHP Warning:  Uncaught ErrorException: require_once(config.php): failed to open stream: No such file or directory in /home/ubuntu/workspace/trail_buddy/resources/views/login.php:12
Stack trace:
#0 /home/ubuntu/workspace/trail_buddy/resources/views/login.php(12): Illuminate\Foundation\Bootstrap\HandleExceptions->handleError(2, 'require_once(co...', '/home/ubuntu/wo...', 12, Array)
#1 /home/ubuntu/workspace/trail_buddy/resources/views/login.php(12): require_once()
#2 /home/ubuntu/workspace/trail_buddy/vendor/laravel/framework/src/Illuminate/View/Engines/PhpEngine.php(43): include('/home/ubuntu/wo...')
#3 /home/ubuntu/workspace/trail_buddy/vendor/laravel/framework/src/Illuminate/View/Engines/PhpEngine.php(21): Illuminate\View\Engines\PhpEngine->evaluatePath('/home/ubuntu/wo...', Array)
#4 /home/ubuntu/workspace/trail_buddy/vendor/laravel/framework/src/Illuminate/View/View.php(142): Illuminate\View\Engines\PhpEngine->get('/home/ubuntu/wo...', Array)
#5 /home/ubuntu/workspace/trail_buddy/vendor/laravel/framework/src/Illuminate/ in /home/ubuntu/workspace/trail_buddy/resources/views/login.php on line 12
[08-Oct-2018 22:14:30 UTC] PHP Fatal error:  Illuminate\View\Engines\PhpEngine::main(): Failed opening required 'config.php' (include_path='.:/usr/share/php') in /home/ubuntu/workspace/trail_buddy/resources/views/login.php on line 12
[08-Oct-2018 22:15:22 UTC] PHP Warning:  Uncaught ErrorException: require_once(config.php): failed to open stream: No such file or directory in /home/ubuntu/workspace/trail_buddy/resources/views/register.php:3
Stack trace:
#0 /home/ubuntu/workspace/trail_buddy/resources/views/register.php(3): Illuminate\Foundation\Bootstrap\HandleExceptions->handleError(2, 'require_once(co...', '/home/ubuntu/wo...', 3, Array)
#1 /home/ubuntu/workspace/trail_buddy/resources/views/register.php(3): require_once()
#2 /home/ubuntu/workspace/trail_buddy/vendor/laravel/framework/src/Illuminate/View/Engines/PhpEngine.php(43): include('/home/ubuntu/wo...')
#3 /home/ubuntu/workspace/trail_buddy/vendor/laravel/framework/src/Illuminate/View/Engines/PhpEngine.php(21): Illuminate\View\Engines\PhpEngine->evaluatePath('/home/ubuntu/wo...', Array)
#4 /home/ubuntu/workspace/trail_buddy/vendor/laravel/framework/src/Illuminate/View/View.php(142): Illuminate\View\Engines\PhpEngine->get('/home/ubuntu/wo...', Array)
#5 /home/ubuntu/workspace/trail_buddy/vendor/laravel/framework/src/Illumi in /home/ubuntu/workspace/trail_buddy/resources/views/register.php on line 3
[08-Oct-2018 22:15:22 UTC] PHP Fatal error:  Illuminate\View\Engines\PhpEngine::main(): Failed opening required 'config.php' (include_path='.:/usr/share/php') in /home/ubuntu/workspace/trail_buddy/resources/views/register.php on line 3
[17-Oct-2018 20:45:11 UTC] PHP Parse error:  syntax error, unexpected '?' in /home/ubuntu/workspace/trail_buddy/vendor/laravel/framework/src/Illuminate/Foundation/helpers.php on line 500
[17-Oct-2018 21:03:44 UTC] PHP Parse error:  syntax error, unexpected '?' in /home/ubuntu/workspace/trail_buddy/vendor/laravel/framework/src/Illuminate/Foundation/helpers.php on line 500
[17-Oct-2018 21:26:03 UTC] PHP Parse error:  syntax error, unexpected '?' in /home/ubuntu/workspace/trail_buddy/vendor/laravel/framework/src/Illuminate/Foundation/helpers.php on line 500
[17-Oct-2018 23:21:08 UTC] PHP Parse error:  syntax error, unexpected '?' in /home/ubuntu/workspace/trail_buddy/vendor/laravel/framework/src/Illuminate/Foundation/helpers.php on line 500
[17-Oct-2018 23:42:30 UTC] PHP Parse error:  syntax error, unexpected '?' in /home/ubuntu/workspace/trail_buddy/vendor/laravel/framework/src/Illuminate/Foundation/helpers.php on line 500
[16-Nov-2018 21:18:51 UTC] PHP Fatal error:  Class 'trailBuddy\app\Http\Controllers\Controller' not found in /home/ubuntu/workspace/trail_buddy/app/Http/Controllers/TrailController.php on line 7
[16-Nov-2018 21:19:30 UTC] PHP Fatal error:  Class 'trailBuddy\app\Controller' not found in /home/ubuntu/workspace/trail_buddy/app/Http/Controllers/TrailController.php on line 7
[16-Nov-2018 21:36:28 UTC] PHP Fatal error:  Cannot use trail_buddy\app\Trail as Trail because the name is already in use in /home/ubuntu/workspace/trail_buddy/app/Http/Controllers/TrailController.php on line 7
[16-Nov-2018 21:37:10 UTC] PHP Fatal error:  Class 'trail_Buddy\Http\Controllers\Controller' not found in /home/ubuntu/workspace/trail_buddy/app/Http/Controllers/TrailController.php on line 8
[16-Nov-2018 21:37:55 UTC] PHP Fatal error:  Class 'trail_buddy\app\Http\Controllers\Controller' not found in /home/ubuntu/workspace/trail_buddy/app/Http/Controllers/TrailController.php on line 8
[16-Nov-2018 21:38:22 UTC] PHP Fatal error:  Class 'trail_buddy\app\Http\Controller' not found in /home/ubuntu/workspace/trail_buddy/app/Http/Controllers/TrailController.php on line 8
[19-Nov-2018 06:30:19 UTC] PHP Fatal error:  Allowed memory size of 134217728 bytes exhausted (tried to allocate 115348992 bytes) in /home/ubuntu/workspace/trail_buddy/vendor/filp/whoops/src/Whoops/Util/HtmlDumperOutput.php on line 23
[19-Nov-2018 07:06:05 UTC] PHP Fatal error:  Allowed memory size of 134217728 bytes exhausted (tried to allocate 12162880 bytes) in /home/ubuntu/workspace/trail_buddy/vendor/symfony/var-dumper/Dumper/AbstractDumper.php on line 209
[24-Nov-2018 20:45:02 UTC] PHP Fatal error:  Class 'trailBuddy\Eloquent' not found in /home/ubuntu/workspace/trail_buddy/app/Trail.php on line 19
[24-Nov-2018 20:45:35 UTC] PHP Fatal error:  Class 'trailBuddy\Eloquent' not found in /home/ubuntu/workspace/trail_buddy/app/Trail.php on line 19
[24-Nov-2018 22:31:46 UTC] PHP Fatal error:  Cannot use app\Comment as Comment because the name is already in use in /home/ubuntu/workspace/trail_buddy/app/Trail.php on line 7
